<?xml version="1.0" encoding="UTF-8" ?>
<testsuite errors="0" failures="0" hostname="MBPMariurchina2.lan" name="PerceptronLearnerTest" skipped="0" tests="2" time="0.096" timestamp="2019-03-12T15:43:45">
  <properties>
[...]
</properties>
  <testcase classname="PerceptronLearnerTest" name="testExecute0" time="0.017" />
  <testcase classname="PerceptronLearnerTest" name="testExecute1" time="0.002" />
  <system-out><![CDATA[execute0
execute1
]]></system-out>
  <system-err><![CDATA[]]></system-err>
</testsuite>
